<?xml version="1.0" encoding="UTF-8"?>
<!-- Generated by org.testng.reporters.JUnitXMLReporter -->
<testsuite ignored="0" hostname="DESKTOP-7A6DCOT" failures="0" tests="3" name="Login Tests" time="13.429" errors="0" timestamp="2025-12-24T14:34:25 IST">
  <testcase classname="com.tahir.automation.tests.LoginTest" name="verifyValidLogin" time="1.893"/>
  <testcase classname="com.tahir.automation.tests.LoginTest" name="verifyPageTitleAfterLogin" time="0.03"/>
  <testcase classname="com.tahir.automation.tests.LoginTest" name="GotoProduct" time="8.313"/>
</testsuite> <!-- Login Tests -->
