<?xml version="1.0" encoding="UTF-8"?>
<testng-results ignored="0" total="2" passed="2" failed="0" skipped="0">
  <reporter-output>
  </reporter-output>
  <suite started-at="2026-01-13T13:15:27 IST" name="Suite" finished-at="2026-01-13T13:15:37 IST" duration-ms="10312">
    <groups>
    </groups>
    <test started-at="2026-01-13T13:15:27 IST" name="Login Tests" finished-at="2026-01-13T13:15:37 IST" duration-ms="10312">
      <class name="com.tahir.automation.tests.LoginTest">
        <test-method is-config="true" signature="setUp()[pri:0, instance:com.tahir.automation.tests.LoginTest@2bbf180e]" started-at="2026-01-13T13:15:27 IST" name="setUp" finished-at="2026-01-13T13:15:31 IST" duration-ms="4171" status="PASS">
          <reporter-output>
          </reporter-output>
        </test-method> <!-- setUp -->
        <test-method signature="GotoProduct()[pri:1, instance:com.tahir.automation.tests.LoginTest@2bbf180e]" started-at="2026-01-13T13:15:31 IST" name="GotoProduct" description="Search for product &amp; Verify Page Title" finished-at="2026-01-13T13:15:36 IST" duration-ms="5151" status="PASS">
          <reporter-output>
          </reporter-output>
        </test-method> <!-- GotoProduct -->
        <test-method signature="SortProductBy()[pri:2, instance:com.tahir.automation.tests.LoginTest@2bbf180e]" started-at="2026-01-13T13:15:36 IST" name="SortProductBy" description="Sort Product By" finished-at="2026-01-13T13:15:37 IST" duration-ms="625" status="PASS">
          <reporter-output>
          </reporter-output>
        </test-method> <!-- SortProductBy -->
        <test-method is-config="true" signature="tearDown()[pri:0, instance:com.tahir.automation.tests.LoginTest@2bbf180e]" started-at="2026-01-13T13:15:37 IST" name="tearDown" finished-at="2026-01-13T13:15:37 IST" duration-ms="315" status="PASS">
          <reporter-output>
          </reporter-output>
        </test-method> <!-- tearDown -->
      </class> <!-- com.tahir.automation.tests.LoginTest -->
    </test> <!-- Login Tests -->
  </suite> <!-- Suite -->
</testng-results>
