<?xml version="1.0" encoding="UTF-8"?>
<testng-results ignored="0" total="3" passed="3" failed="0" skipped="0">
  <reporter-output>
  </reporter-output>
  <suite started-at="2025-12-24T14:34:11 IST" name="Suite" finished-at="2025-12-24T14:34:25 IST" duration-ms="13429">
    <groups>
    </groups>
    <test started-at="2025-12-24T14:34:11 IST" name="Login Tests" finished-at="2025-12-24T14:34:25 IST" duration-ms="13429">
      <class name="com.tahir.automation.tests.LoginTest">
        <test-method is-config="true" signature="setUp()[pri:0, instance:com.tahir.automation.tests.LoginTest@163e4e87]" started-at="2025-12-24T14:34:11 IST" name="setUp" finished-at="2025-12-24T14:34:14 IST" duration-ms="2734" status="PASS">
          <reporter-output>
          </reporter-output>
        </test-method> <!-- setUp -->
        <test-method signature="verifyValidLogin()[pri:1, instance:com.tahir.automation.tests.LoginTest@163e4e87]" started-at="2025-12-24T14:34:14 IST" name="verifyValidLogin" description="Open Salesforce and perform login using config values" finished-at="2025-12-24T14:34:16 IST" duration-ms="1893" status="PASS">
          <reporter-output>
          </reporter-output>
        </test-method> <!-- verifyValidLogin -->
        <test-method signature="verifyPageTitleAfterLogin()[pri:2, instance:com.tahir.automation.tests.LoginTest@163e4e87]" started-at="2025-12-24T14:34:16 IST" name="verifyPageTitleAfterLogin" description="Verify page title after login (checks if logged in)" finished-at="2025-12-24T14:34:16 IST" duration-ms="30" status="PASS">
          <reporter-output>
          </reporter-output>
        </test-method> <!-- verifyPageTitleAfterLogin -->
        <test-method signature="GotoProduct()[pri:3, instance:com.tahir.automation.tests.LoginTest@163e4e87]" started-at="2025-12-24T14:34:16 IST" name="GotoProduct" description="Navigate and add product" finished-at="2025-12-24T14:34:24 IST" duration-ms="8313" status="PASS">
          <reporter-output>
          </reporter-output>
        </test-method> <!-- GotoProduct -->
        <test-method is-config="true" signature="tearDown()[pri:0, instance:com.tahir.automation.tests.LoginTest@163e4e87]" started-at="2025-12-24T14:34:24 IST" name="tearDown" finished-at="2025-12-24T14:34:25 IST" duration-ms="385" status="PASS">
          <reporter-output>
          </reporter-output>
        </test-method> <!-- tearDown -->
      </class> <!-- com.tahir.automation.tests.LoginTest -->
    </test> <!-- Login Tests -->
  </suite> <!-- Suite -->
</testng-results>
