<?xml version="1.0" encoding="UTF-8"?>
<!-- Generated by org.testng.reporters.JUnitReportReporter -->
<testsuite hostname="DESKTOP-7A6DCOT" failures="0" tests="8" name="com.tahir.automation.tests.LoginTest" time="32.609" errors="0" timestamp="2026-01-14T15:14:39 IST" skipped="0">
  <testcase classname="com.tahir.automation.tests.LoginTest" name="OpenAmazonAndLogin" time="7.988"/>
  <testcase classname="com.tahir.automation.tests.LoginTest" name="GotoProduct" time="4.425"/>
  <testcase classname="com.tahir.automation.tests.LoginTest" name="SortProductBy" time="0.794"/>
  <testcase classname="com.tahir.automation.tests.LoginTest" name="ClickOnTheProduct" time="1.903"/>
  <testcase classname="com.tahir.automation.tests.LoginTest" name="verifyProductPageTitle" time="3.336"/>
  <testcase classname="com.tahir.automation.tests.LoginTest" name="AddProductToWishlist" time="4.103"/>
  <testcase classname="com.tahir.automation.tests.LoginTest" name="verifyProductAddedToWishlist" time="0.054"/>
  <testcase classname="com.tahir.automation.tests.LoginTest" name="waitAfterAddingToWishlist" time="10.006"/>
</testsuite> <!-- com.tahir.automation.tests.LoginTest -->
