<?xml version="1.0" encoding="UTF-8"?>
<!-- Generated by org.testng.reporters.JUnitReportReporter -->
<testsuite hostname="DESKTOP-7A6DCOT" failures="0" tests="3" name="com.tahir.automation.tests.LoginTest" time="10.236" errors="0" timestamp="2025-12-24T14:34:25 IST" skipped="0">
  <testcase classname="com.tahir.automation.tests.LoginTest" name="verifyValidLogin" time="1.893"/>
  <testcase classname="com.tahir.automation.tests.LoginTest" name="verifyPageTitleAfterLogin" time="0.030"/>
  <testcase classname="com.tahir.automation.tests.LoginTest" name="GotoProduct" time="8.313"/>
</testsuite> <!-- com.tahir.automation.tests.LoginTest -->
